-------------------------------------------------------------------------------
Test set: com.api.framework.APITest
-------------------------------------------------------------------------------
Tests run: 1, Failures: 1, Errors: 0, Skipped: 0, Time elapsed: 10.461 s <<< FAILURE! - in com.api.framework.APITest
executeApiTest{String, String, JsonNode}[1]  Time elapsed: 8.347 s  <<< FAILURE!
org.opentest4j.AssertionFailedError: Expected status code 201 but got 200 ==> expected: <201> but was: <200>
	at com.api.framework.APITest.executeApiTest(APITest.java:74)

