<?xml version="1.0" encoding="UTF-8"?>
<testsuite xmlns:xsi="http://www.w3.org/2001/XMLSchema-instance" xsi:noNamespaceSchemaLocation="https://maven.apache.org/surefire/maven-surefire-plugin/xsd/surefire-test-report.xsd" name="com.api.framework.APITest" time="8.331" tests="3" errors="0" skipped="0" failures="0">
  <properties>
[...]
</properties>
  <testcase name="executeApiTest{String, String, JsonNode}[1]" classname="com.api.framework.APITest" time="6.004"/>
  <testcase name="executeApiTest{String, String, JsonNode}[2]" classname="com.api.framework.APITest" time="0.233"/>
  <testcase name="executeApiTest{String, String, JsonNode}[3]" classname="com.api.framework.APITest" time="0.191"/>
</testsuite>