<?xml version="1.0" encoding="UTF-8"?>
<testsuite xmlns:xsi="http://www.w3.org/2001/XMLSchema-instance" xsi:noNamespaceSchemaLocation="https://maven.apache.org/surefire/maven-surefire-plugin/xsd/surefire-test-report.xsd" name="com.api.framework.APITest" time="13.456" tests="9" errors="0" skipped="0" failures="0">
  <properties>
[...]
</properties>
  <testcase name="executeApiTest{String, String, String, JsonNode}[1]" classname="com.api.framework.APITest" time="4.009"/>
  <testcase name="executeApiTest{String, String, String, JsonNode}[2]" classname="com.api.framework.APITest" time="1.002"/>
  <testcase name="executeApiTest{String, String, String, JsonNode}[3]" classname="com.api.framework.APITest" time="0.165"/>
  <testcase name="executeApiTest{String, String, String, JsonNode}[4]" classname="com.api.framework.APITest" time="0.141"/>
  <testcase name="executeApiTest{String, String, String, JsonNode}[5]" classname="com.api.framework.APITest" time="0.124"/>
  <testcase name="executeApiTest{String, String, String, JsonNode}[6]" classname="com.api.framework.APITest" time="0.14"/>
  <testcase name="executeApiTest{String, String, String, JsonNode}[7]" classname="com.api.framework.APITest" time="0.155"/>
  <testcase name="executeApiTest{String, String, String, JsonNode}[8]" classname="com.api.framework.APITest" time="0.11"/>
  <testcase name="executeApiTest{String, String, String, JsonNode}[9]" classname="com.api.framework.APITest" time="0.112"/>
</testsuite>